Build started 07/08/2018 21:52:53.
     1>Project "C:\Developments\BinosRO\BinosRO_Emulador_eAmod\vcproj-12\map-server_sql.vcxproj" on node 4 (Rebuild target(s)).
     1>ClCompile:
         C:\Program Files (x86)\Microsoft Visual Studio 12.0\VC\bin\CL.exe /c /I..\src\common /I..\3rdparty\msinttypes\include /I..\3rdparty\pcre\old\include /ZI /nologo /W3 /WX- /MP /Od /Oy- /D CODE_ANALYSIS /D WIN32 /D _DEBUG /D PCRE_SUPPORT /D _MBCS /Gm- /EHsc /RTC1 /MTd /GS /Gy /fp:precise /Zc:wchar_t /Zc:forScope /Fo"map-server_sql\Debug\\" /Fd"map-server_sql\Debug\vc120.pdb" /Gd /TC /wd4018 /wd4100 /wd4800 /wd4996 /FIconfig.vc.h /analyze /analyze:plugin"C:\Program Files (x86)\Microsoft Visual Studio 12.0\VC\\bin\localespc.dll" /errorReport:prompt   /analyze:quiet ..\src\map\achievement.c ..\src\map\atcommand.c ..\src\map\battle.c ..\src\map\battleground.c ..\src\map\buyingstore.c ..\src\map\channel.c ..\src\map\chat.c ..\src\map\chrif.c ..\src\map\clif.c ..\src\map\date.c ..\src\map\duel.c ..\src\map\faction.c ..\src\map\guild.c ..\src\map\guild_castle.c ..\src\map\guild_expcache.c ..\src\map\homunculus.c ..\src\map\instance.c ..\src\map\intif.c ..\src\map\itemdb.c ..\src\map\log.c ..\src\map\mail.c ..\src\map\map.c ..\src\map\mapreg_sql.c ..\src\map\mercenary.c ..\src\map\mob.c ..\src\map\npc.c ..\src\map\npc_chat.c ..\src\map\party.c ..\src\map\path.c ..\src\map\pc.c ..\src\map\pet.c ..\src\map\quest.c ..\src\map\region.c ..\src\map\script.c ..\src\map\searchstore.c ..\src\map\skill.c ..\src\map\status.c ..\src\map\storage.c ..\src\map\trade.c ..\src\map\unit.c ..\src\map\vending.c
         achievement.c
         atcommand.c
         battle.c
         battleground.c
         buyingstore.c
         channel.c
         chat.c
         chrif.c
         clif.c
         date.c
         duel.c
         faction.c
         guild.c
         guild_castle.c
         guild_expcache.c
         homunculus.c
         instance.c
         intif.c
         itemdb.c
         log.c
         mail.c
         map.c
         mapreg_sql.c
         mercenary.c
         mob.c
         npc.c
         npc_chat.c
         party.c
         path.c
         pc.c
         pet.c
         quest.c
         region.c
         script.c
         searchstore.c
         skill.c
         status.c
         storage.c
         trade.c
         unit.c
         vending.c
       Link:
         C:\Program Files (x86)\Microsoft Visual Studio 12.0\VC\bin\link.exe /ERRORREPORT:PROMPT /OUT:"..\map-server_sql.exe" /INCREMENTAL /NOLOGO /LIBPATH:..\3rdparty\pcre\old\lib libcmtd.lib oldnames.lib pcre.lib kernel32.lib user32.lib gdi32.lib winspool.lib comdlg32.lib advapi32.lib shell32.lib ole32.lib oleaut32.lib uuid.lib odbc32.lib odbccp32.lib /NODEFAULTLIB /MANIFEST /MANIFESTUAC:"level='asInvoker' uiAccess='false'" /manifest:embed /DEBUG /PDB:"..\map-server_sql.pdb" /SUBSYSTEM:CONSOLE /TLBID:1 /DYNAMICBASE:NO /NXCOMPAT /IMPLIB:"..\map-server_sql.lib" /MACHINE:X86 /SAFESEH "map-server_sql\Debug\achievement.obj"
         "map-server_sql\Debug\atcommand.obj"
         "map-server_sql\Debug\battle.obj"
         "map-server_sql\Debug\battleground.obj"
         "map-server_sql\Debug\buyingstore.obj"
         "map-server_sql\Debug\channel.obj"
         "map-server_sql\Debug\chat.obj"
         "map-server_sql\Debug\chrif.obj"
         "map-server_sql\Debug\clif.obj"
         "map-server_sql\Debug\date.obj"
         "map-server_sql\Debug\duel.obj"
         "map-server_sql\Debug\faction.obj"
         "map-server_sql\Debug\guild.obj"
         "map-server_sql\Debug\guild_castle.obj"
         "map-server_sql\Debug\guild_expcache.obj"
         "map-server_sql\Debug\homunculus.obj"
         "map-server_sql\Debug\instance.obj"
         "map-server_sql\Debug\intif.obj"
         "map-server_sql\Debug\itemdb.obj"
         "map-server_sql\Debug\log.obj"
         "map-server_sql\Debug\mail.obj"
         "map-server_sql\Debug\map.obj"
         "map-server_sql\Debug\mapreg_sql.obj"
         "map-server_sql\Debug\mercenary.obj"
         "map-server_sql\Debug\mob.obj"
         "map-server_sql\Debug\npc.obj"
         "map-server_sql\Debug\npc_chat.obj"
         "map-server_sql\Debug\party.obj"
         "map-server_sql\Debug\path.obj"
         "map-server_sql\Debug\pc.obj"
         "map-server_sql\Debug\pet.obj"
         "map-server_sql\Debug\quest.obj"
         "map-server_sql\Debug\region.obj"
         "map-server_sql\Debug\script.obj"
         "map-server_sql\Debug\searchstore.obj"
         "map-server_sql\Debug\skill.obj"
         "map-server_sql\Debug\status.obj"
         "map-server_sql\Debug\storage.obj"
         "map-server_sql\Debug\trade.obj"
         "map-server_sql\Debug\unit.obj"
         "map-server_sql\Debug\vending.obj"
         "C:\Developments\BinosRO\BinosRO_Emulador_eAmod\vcproj-12\common\Debug\common.lib"
         "C:\Developments\BinosRO\BinosRO_Emulador_eAmod\vcproj-12\common_sql\Debug\common_sql.lib"
     1>achievement.obj : warning LNK4075: ignoring '/EDITANDCONTINUE' due to '/SAFESEH' specification
         map-server_sql.vcxproj -> C:\Developments\BinosRO\BinosRO_Emulador_eAmod\vcproj-12\..\map-server_sql.exe
     1>c:\developments\binosro\binosro_emulador_eamod\src\map\atcommand.c(153): warning C6054: String 'w1' might not be zero-terminated.
     1>c:\developments\binosro\binosro_emulador_eamod\src\map\atcommand.c(162): warning C6054: String 'w2' might not be zero-terminated.
     1>c:\developments\binosro\binosro_emulador_eamod\src\map\atcommand.c(195): warning C6282: Incorrect operator:  assignment of constant in Boolean context. Consider using '==' instead.
     1>c:\developments\binosro\binosro_emulador_eamod\src\map\atcommand.c(1037): warning C6031: Return value ignored: 'sscanf'.
     1>c:\developments\binosro\binosro_emulador_eamod\src\map\atcommand.c(1306): warning C6031: Return value ignored: 'sscanf'.
     1>c:\developments\binosro\binosro_emulador_eamod\src\map\atcommand.c(1364): warning C6031: Return value ignored: 'sscanf'.
     1>c:\developments\binosro\binosro_emulador_eamod\src\map\atcommand.c(1428): warning C6031: Return value ignored: 'sscanf'.
     1>c:\developments\binosro\binosro_emulador_eamod\src\map\atcommand.c(1978): warning C6031: Return value ignored: 'sscanf'.
     1>c:\developments\binosro\binosro_emulador_eamod\src\map\atcommand.c(2006): warning C6031: Return value ignored: 'sscanf'.
     1>c:\developments\binosro\binosro_emulador_eamod\src\map\atcommand.c(2811): warning C6031: Return value ignored: 'sscanf'.
     1>c:\developments\binosro\binosro_emulador_eamod\src\map\atcommand.c(4884): warning C6031: Return value ignored: 'sscanf'.
     1>c:\developments\binosro\binosro_emulador_eamod\src\map\atcommand.c(5903): warning C6054: String 'name' might not be zero-terminated.
     1>c:\developments\binosro\binosro_emulador_eamod\src\map\atcommand.c(6800): warning C6054: String 'subcmd' might not be zero-terminated.
     1>c:\developments\binosro\binosro_emulador_eamod\src\map\atcommand.c(6863): warning C6054: String 'data' might not be zero-terminated.
     1>c:\developments\binosro\binosro_emulador_eamod\src\map\atcommand.c(7118): warning C6054: String 'sound_file' might not be zero-terminated.
     1>c:\developments\binosro\binosro_emulador_eamod\src\map\atcommand.c(7236): warning C6031: Return value ignored: 'strtok'.
     1>c:\developments\binosro\binosro_emulador_eamod\src\map\atcommand.c(8280): warning C28182: Dereferencing NULL pointer. 'item_data' contains the same NULL value as 'item_array[0]=itemdb_exists(atoi(message))' did. 
     1>c:\developments\binosro\binosro_emulador_eamod\src\map\atcommand.c(8330): warning C28182: Dereferencing NULL pointer. 'item_data' contains the same NULL value as 'item_array[0]=itemdb_exists(atoi(message))' did. 
     1>c:\developments\binosro\binosro_emulador_eamod\src\map\atcommand.c(9905): warning C28182: Dereferencing NULL pointer. 'item_array[j]' contains the same NULL value as 'item_array[0]=itemdb_exists(atoi(message))' did. See line 9932 for an earlier location where this can occur
     1>c:\developments\binosro\binosro_emulador_eamod\src\map\atcommand.c(9932): warning C28182: Dereferencing NULL pointer. 'item_array[i]' contains the same NULL value as 'item_array[0]=itemdb_exists(atoi(message))' did. 
     1>c:\developments\binosro\binosro_emulador_eamod\src\map\atcommand.c(11905): warning C6053: The prior call to '_snprintf' might not zero-terminate string 'atcmd_output'.
     1>c:\developments\binosro\binosro_emulador_eamod\src\map\atcommand.c(12643): warning C6054: String 'w2' might not be zero-terminated.
     1>c:\developments\binosro\binosro_emulador_eamod\src\map\atcommand.c(12650): warning C6054: String 'w4' might not be zero-terminated.
     1>c:\developments\binosro\binosro_emulador_eamod\src\map\atcommand.c(12655): warning C6054: String 'w3' might not be zero-terminated.
     1>c:\developments\binosro\binosro_emulador_eamod\src\map\battle.c(663): warning C6011: Dereferencing NULL pointer 'bl'. See line 660 for an earlier location where this can occur
     1>c:\developments\binosro\binosro_emulador_eamod\src\map\battle.c(4405): warning C6054: String 'w1' might not be zero-terminated.
     1>c:\developments\binosro\binosro_emulador_eamod\src\map\battleground.c(424): warning C6054: String 'output' might not be zero-terminated.
     1>c:\developments\binosro\binosro_emulador_eamod\src\map\battleground.c(424): warning C6001: Using uninitialized memory 'output'.
     1>c:\developments\binosro\binosro_emulador_eamod\src\map\channel.c(228): warning C6387: 'name' could be '0':  this does not adhere to the specification for the function 'strcmp'. 
     1>c:\developments\binosro\binosro_emulador_eamod\src\map\clif.c(1241): warning C6011: Dereferencing NULL pointer 'bl'. 
     1>c:\developments\binosro\binosro_emulador_eamod\src\map\clif.c(1400): warning C6011: Dereferencing NULL pointer 'bl'. 
     1>c:\developments\binosro\binosro_emulador_eamod\src\map\clif.c(1821): warning C28182: Dereferencing NULL pointer. 'md' contains the same NULL value as 'bl' did. See line 1806 for an earlier location where this can occur
     1>c:\developments\binosro\binosro_emulador_eamod\src\map\clif.c(1808): warning C6011: Dereferencing NULL pointer 'bl'. 
     1>c:\developments\binosro\binosro_emulador_eamod\src\map\clif.c(1812): warning C28182: Dereferencing NULL pointer. 'sd' contains the same NULL value as 'bl' did. See line 1806 for an earlier location where this can occur
     1>c:\developments\binosro\binosro_emulador_eamod\src\map\clif.c(1864): warning C6011: Dereferencing NULL pointer 'bl'. 
     1>c:\developments\binosro\binosro_emulador_eamod\src\map\clif.c(1863): warning C6001: Using uninitialized memory 'buf'.
     1>c:\developments\binosro\binosro_emulador_eamod\src\map\clif.c(2353): warning C6237: (<zero> && <expression>) is always zero.  <expression> is never evaluated and might have side effects.
     1>c:\developments\binosro\binosro_emulador_eamod\src\map\clif.c(3309): warning C6001: Using uninitialized memory 'buf'.
     1>c:\developments\binosro\binosro_emulador_eamod\src\map\clif.c(3329): warning C6001: Using uninitialized memory 'buf'.
     1>c:\developments\binosro\binosro_emulador_eamod\src\map\clif.c(3637): warning C6001: Using uninitialized memory 'buf'.
     1>c:\developments\binosro\binosro_emulador_eamod\src\map\clif.c(3736): warning C6001: Using uninitialized memory 'buf'.
     1>c:\developments\binosro\binosro_emulador_eamod\src\map\clif.c(3774): warning C6001: Using uninitialized memory 'buf'.
     1>c:\developments\binosro\binosro_emulador_eamod\src\map\clif.c(4563): warning C6001: Using uninitialized memory 'buf'.
     1>c:\developments\binosro\binosro_emulador_eamod\src\map\clif.c(4773): warning C6011: Dereferencing NULL pointer 'tbl'. 
     1>c:\developments\binosro\binosro_emulador_eamod\src\map\clif.c(4744): warning C6011: Dereferencing NULL pointer 'bl'. 
     1>c:\developments\binosro\binosro_emulador_eamod\src\map\clif.c(4745): warning C6011: Dereferencing NULL pointer 'sd'. 
     1>c:\developments\binosro\binosro_emulador_eamod\src\map\clif.c(4795): warning C6011: Dereferencing NULL pointer 'bl'. 
     1>c:\developments\binosro\binosro_emulador_eamod\src\map\clif.c(4843): warning C6011: Dereferencing NULL pointer 'tbl'. 
     1>c:\developments\binosro\binosro_emulador_eamod\src\map\clif.c(5003): warning C6001: Using uninitialized memory 'buf'.
     1>c:\developments\binosro\binosro_emulador_eamod\src\map\clif.c(5661): warning C6001: Using uninitialized memory 'buf'.
     1>c:\developments\binosro\binosro_emulador_eamod\src\map\clif.c(5794): warning C6001: Using uninitialized memory 'buf'.
     1>c:\developments\binosro\binosro_emulador_eamod\src\map\clif.c(5919): warning C6001: Using uninitialized memory 'buf'.
     1>c:\developments\binosro\binosro_emulador_eamod\src\map\clif.c(5947): warning C6001: Using uninitialized memory 'buf'.
     1>c:\developments\binosro\binosro_emulador_eamod\src\map\clif.c(6809): warning C6001: Using uninitialized memory 'buf'.
     1>c:\developments\binosro\binosro_emulador_eamod\src\map\clif.c(8108): warning C6001: Using uninitialized memory 'buf'.
     1>c:\developments\binosro\binosro_emulador_eamod\src\map\clif.c(8407): warning C6001: Using uninitialized memory 'buf'.
     1>c:\developments\binosro\binosro_emulador_eamod\src\map\clif.c(8641): warning C6001: Using uninitialized memory 'buf'.
     1>c:\developments\binosro\binosro_emulador_eamod\src\map\clif.c(8787): warning C6001: Using uninitialized memory 'buf'.
     1>c:\developments\binosro\binosro_emulador_eamod\src\map\clif.c(8788): warning C6001: Using uninitialized memory 'sbuf'.
     1>c:\developments\binosro\binosro_emulador_eamod\src\map\clif.c(10326): warning C6001: Using uninitialized memory 'buf'.
     1>c:\developments\binosro\binosro_emulador_eamod\src\map\clif.c(10283): warning C6053: The prior call to '_snprintf' might not zero-terminate string 'other_lang_mes'.
     1>c:\developments\binosro\binosro_emulador_eamod\src\map\clif.c(10286): warning C6053: The prior call to '_snprintf' might not zero-terminate string 'same_lang_mes'.
     1>c:\developments\binosro\binosro_emulador_eamod\src\map\clif.c(10404): warning C6001: Using uninitialized memory 'buf'.
     1>c:\developments\binosro\binosro_emulador_eamod\src\map\clif.c(11230): warning C6053: The prior call to '_snprintf' might not zero-terminate string 'output'.
     1>c:\developments\binosro\binosro_emulador_eamod\src\map\clif.c(11374): warning C6011: Dereferencing NULL pointer 'sd'. 
     1>c:\developments\binosro\binosro_emulador_eamod\src\map\clif.c(12572): warning C6001: Using uninitialized memory 'buf'.
     1>c:\developments\binosro\binosro_emulador_eamod\src\map\clif.c(12594): warning C6001: Using uninitialized memory 'buf'.
     1>c:\developments\binosro\binosro_emulador_eamod\src\map\clif.c(12608): warning C6001: Using uninitialized memory 'buf'.
     1>c:\developments\binosro\binosro_emulador_eamod\src\map\clif.c(13759): warning C6386: Buffer overrun while writing to 'sd->ignore[i].name':  the writable size is '24' bytes, but '432' bytes might be written.
     1>c:\developments\binosro\binosro_emulador_eamod\src\map\clif.c(13759): warning C6385: Reading invalid data from 'sd->ignore[i+1].name':  the readable size is '24' bytes, but '432' bytes may be read.
     1>c:\developments\binosro\binosro_emulador_eamod\src\map\clif.c(14175): warning C6287: Redundant code:  the left and right sub-expressions are identical.
     1>c:\developments\binosro\binosro_emulador_eamod\src\map\clif.c(14228): warning C6287: Redundant code:  the left and right sub-expressions are identical.
     1>c:\developments\binosro\binosro_emulador_eamod\src\map\clif.c(14237): warning C6385: Reading invalid data from '"None"':  the readable size is '5' bytes, but '24' bytes may be read.
     1>c:\developments\binosro\binosro_emulador_eamod\src\map\clif.c(14281): warning C6287: Redundant code:  the left and right sub-expressions are identical.
     1>c:\developments\binosro\binosro_emulador_eamod\src\map\clif.c(14290): warning C6385: Reading invalid data from '"None"':  the readable size is '5' bytes, but '24' bytes may be read.
     1>c:\developments\binosro\binosro_emulador_eamod\src\map\clif.c(14332): warning C6287: Redundant code:  the left and right sub-expressions are identical.
     1>c:\developments\binosro\binosro_emulador_eamod\src\map\clif.c(14341): warning C6385: Reading invalid data from '"None"':  the readable size is '5' bytes, but '24' bytes may be read.
     1>c:\developments\binosro\binosro_emulador_eamod\src\map\clif.c(16466): warning C6001: Using uninitialized memory 'buf'.
     1>c:\developments\binosro\binosro_emulador_eamod\src\map\clif.c(16577): warning C6001: Using uninitialized memory 'buf'.
     1>c:\developments\binosro\binosro_emulador_eamod\src\map\clif.c(16669): warning C6001: Using uninitialized memory 'buf'.
     1>c:\developments\binosro\binosro_emulador_eamod\src\map\clif.c(16855): warning C6001: Using uninitialized memory 'buf'.
     1>c:\developments\binosro\binosro_emulador_eamod\src\map\clif.c(16887): warning C6001: Using uninitialized memory 'buf'.
     1>c:\developments\binosro\binosro_emulador_eamod\src\map\clif.c(17375): warning C6011: Dereferencing NULL pointer 'packet_db[packet_ver][cmd].func'. 
     1>c:\developments\binosro\binosro_emulador_eamod\src\map\clif.c(17440): warning C6262: Function uses '18572' bytes of stack:  exceeds /analyze:stacksize '16384'.  Consider moving some data to heap.
     1>c:\developments\binosro\binosro_emulador_eamod\src\map\clif.c(17917): warning C6054: String 'w1' might not be zero-terminated.
     1>c:\developments\binosro\binosro_emulador_eamod\src\map\clif.c(17954): warning C6054: String 'w2' might not be zero-terminated.
     1>c:\developments\binosro\binosro_emulador_eamod\src\map\faction.c(103): warning C6385: Reading invalid data from 'ld->count_words':  the readable size is '34' bytes, but '-4' bytes may be read.
     1>c:\developments\binosro\binosro_emulador_eamod\src\map\faction.c(109): warning C6385: Reading invalid data from 'ld->words':  the readable size is '1088' bytes, but '-128' bytes may be read.
     1>c:\developments\binosro\binosro_emulador_eamod\src\map\intif.c(959): warning C6031: Return value ignored: 'sscanf'.
     1>c:\developments\binosro\binosro_emulador_eamod\src\map\intif.c(962): warning C6031: Return value ignored: 'sscanf'.
     1>c:\developments\binosro\binosro_emulador_eamod\src\map\itemdb.c(526): warning C6054: String 'w1' might not be zero-terminated.
     1>c:\developments\binosro\binosro_emulador_eamod\src\map\log.c(224): warning C6011: Dereferencing NULL pointer 'bl'. 
     1>c:\developments\binosro\binosro_emulador_eamod\src\map\log.c(507): warning C6054: String 'w1' might not be zero-terminated.
     1>c:\developments\binosro\binosro_emulador_eamod\src\map\log.c(528): warning C6054: String 'w2' might not be zero-terminated.
     1>c:\developments\binosro\binosro_emulador_eamod\src\map\map.c(2952): warning C6262: Function uses '262164' bytes of stack:  exceeds /analyze:stacksize '16384'.  Consider moving some data to heap.
     1>c:\developments\binosro\binosro_emulador_eamod\src\map\map.c(3059): warning C6262: Function uses '220060' bytes of stack:  exceeds /analyze:stacksize '16384'.  Consider moving some data to heap.
     1>c:\developments\binosro\binosro_emulador_eamod\src\map\map.c(3114): warning C6054: String 'command' might not be zero-terminated.
     1>c:\developments\binosro\binosro_emulador_eamod\src\map\map.c(3119): warning C6054: String 'type' might not be zero-terminated.
     1>c:\developments\binosro\binosro_emulador_eamod\src\map\map.c(3161): warning C6054: String 'w2' might not be zero-terminated.
     1>c:\developments\binosro\binosro_emulador_eamod\src\map\map.c(3166): warning C6054: String 'w1' might not be zero-terminated.
     1>c:\developments\binosro\binosro_emulador_eamod\src\map\map.c(3282): warning C6054: String 'w1' might not be zero-terminated.
     1>c:\developments\binosro\binosro_emulador_eamod\src\map\map.c(3330): warning C6054: String 'w2' might not be zero-terminated.
     1>c:\developments\binosro\binosro_emulador_eamod\src\map\mob.c(3398): warning C6031: Return value ignored: 'strtok'.
     1>c:\developments\binosro\binosro_emulador_eamod\src\map\npc.c(3630): warning C6031: Return value ignored: 'sscanf'.
     1>c:\developments\binosro\binosro_emulador_eamod\src\map\npc.c(3302): warning C6387: 'w4' could be '0':  this does not adhere to the specification for the function 'strcmpi'. 
     1>c:\developments\binosro\binosro_emulador_eamod\src\map\npc.c(3453): warning C6054: String 'drop_arg1' might not be zero-terminated.
     1>c:\developments\binosro\binosro_emulador_eamod\src\map\npc.c(3457): warning C6054: String 'drop_arg2' might not be zero-terminated.
     1>c:\developments\binosro\binosro_emulador_eamod\src\map\npc.c(3630): warning C6387: 'w4' could be '0':  this does not adhere to the specification for the function 'sscanf'. 
     1>c:\developments\binosro\binosro_emulador_eamod\src\map\npc.c(3643): warning C6387: 'w4' could be '0':  this does not adhere to the specification for the function 'atoi'. 
     1>c:\developments\binosro\binosro_emulador_eamod\src\map\npc.c(3754): warning C6031: Return value ignored: 'sscanf'.
     1>c:\developments\binosro\binosro_emulador_eamod\src\map\npc.c(3787): warning C6031: Return value ignored: 'sscanf'.
     1>c:\developments\binosro\binosro_emulador_eamod\src\map\npc.c(3798): warning C6031: Return value ignored: 'sscanf'.
     1>c:\developments\binosro\binosro_emulador_eamod\src\map\npc.c(3875): warning C6053: The prior call to 'strncpy' might not zero-terminate string 'name'.
     1>c:\developments\binosro\binosro_emulador_eamod\src\map\party.c(602): warning C6011: Dereferencing NULL pointer 'p'. 
     1>c:\developments\binosro\binosro_emulador_eamod\src\map\pc.c(7345): warning C6011: Dereferencing NULL pointer 'sd'. See line 7246 for an earlier location where this can occur
     1>c:\developments\binosro\binosro_emulador_eamod\src\map\pc.c(9685): warning C6262: Function uses '24420' bytes of stack:  exceeds /analyze:stacksize '16384'.  Consider moving some data to heap.
     1>c:\developments\binosro\binosro_emulador_eamod\src\map\quest.c(178): warning C6386: Buffer overrun while writing to 'sd->quest_index':  the writable size is '8000' bytes, but '-8' bytes might be written.
     1>c:\developments\binosro\binosro_emulador_eamod\src\map\region.c(75): warning C6053: The prior call to '_snprintf' might not zero-terminate string 'output'.
     1>c:\developments\binosro\binosro_emulador_eamod\src\map\script.c(537): warning C6011: Dereferencing NULL pointer '((st))->stack->stack_data'. See line 521 for an earlier location where this can occur
     1>c:\developments\binosro\binosro_emulador_eamod\src\map\script.c(951): warning C6011: Dereferencing NULL pointer 'arg'. 
     1>c:\developments\binosro\binosro_emulador_eamod\src\map\script.c(1972): warning C6054: String 'val' might not be zero-terminated.
     1>c:\developments\binosro\binosro_emulador_eamod\src\map\script.c(2713): warning C6011: Dereferencing NULL pointer 'stack->stack_data'. 
     1>c:\developments\binosro\binosro_emulador_eamod\src\map\script.c(3085): warning C6011: Dereferencing NULL pointer '((st))->stack->stack_data'. 
     1>c:\developments\binosro\binosro_emulador_eamod\src\map\script.c(3119): warning C6387: 'name' could be '0':  this does not adhere to the specification for the function 'strlen'. 
     1>c:\developments\binosro\binosro_emulador_eamod\src\map\script.c(3119): warning C6011: Dereferencing NULL pointer 'name'. 
     1>c:\developments\binosro\binosro_emulador_eamod\src\map\script.c(3222): warning C6011: Dereferencing NULL pointer 'st->stack->stack_data'. See line 3171 for an earlier location where this can occur
     1>c:\developments\binosro\binosro_emulador_eamod\src\map\script.c(3553): warning C6054: String 'w1' might not be zero-terminated.
     1>c:\developments\binosro\binosro_emulador_eamod\src\map\script.c(3966): warning C6011: Dereferencing NULL pointer '((st))->stack->stack_data'. 
     1>c:\developments\binosro\binosro_emulador_eamod\src\map\script.c(4866): warning C6011: Dereferencing NULL pointer '((st))->stack->stack_data'. See line 4833 for an earlier location where this can occur
     1>c:\developments\binosro\binosro_emulador_eamod\src\map\script.c(4910): warning C6011: Dereferencing NULL pointer '((st))->stack->stack_data'. See line 4886 for an earlier location where this can occur
     1>c:\developments\binosro\binosro_emulador_eamod\src\map\script.c(5000): warning C6011: Dereferencing NULL pointer '((st))->stack->stack_data'. See line 4966 for an earlier location where this can occur
     1>c:\developments\binosro\binosro_emulador_eamod\src\map\script.c(5052): warning C6011: Dereferencing NULL pointer '((st))->stack->stack_data'. See line 5024 for an earlier location where this can occur
     1>c:\developments\binosro\binosro_emulador_eamod\src\map\script.c(5240): warning C6011: Dereferencing NULL pointer '((st))->stack->stack_data'. See line 5206 for an earlier location where this can occur
     1>c:\developments\binosro\binosro_emulador_eamod\src\map\script.c(5301): warning C6011: Dereferencing NULL pointer '((st))->stack->stack_data'. See line 5280 for an earlier location where this can occur
     1>c:\developments\binosro\binosro_emulador_eamod\src\map\script.c(5526): warning C6011: Dereferencing NULL pointer '((st))->stack->stack_data'. See line 5506 for an earlier location where this can occur
     1>c:\developments\binosro\binosro_emulador_eamod\src\map\script.c(5584): warning C6011: Dereferencing NULL pointer '((st))->stack->stack_data'. See line 5564 for an earlier location where this can occur
     1>c:\developments\binosro\binosro_emulador_eamod\src\map\script.c(5675): warning C6011: Dereferencing NULL pointer '((st))->stack->stack_data'. See line 5646 for an earlier location where this can occur
     1>c:\developments\binosro\binosro_emulador_eamod\src\map\script.c(5924): warning C6011: Dereferencing NULL pointer '((st))->stack->stack_data'. See line 5893 for an earlier location where this can occur
     1>c:\developments\binosro\binosro_emulador_eamod\src\map\script.c(5990): warning C6011: Dereferencing NULL pointer '((st))->stack->stack_data'. See line 5959 for an earlier location where this can occur
     1>c:\developments\binosro\binosro_emulador_eamod\src\map\script.c(6075): warning C6011: Dereferencing NULL pointer '((st))->stack->stack_data'. See line 6043 for an earlier location where this can occur
     1>c:\developments\binosro\binosro_emulador_eamod\src\map\script.c(6134): warning C6011: Dereferencing NULL pointer '((st))->stack->stack_data'. See line 6102 for an earlier location where this can occur
     1>c:\developments\binosro\binosro_emulador_eamod\src\map\script.c(6223): warning C6011: Dereferencing NULL pointer '((st))->stack->stack_data'. See line 6189 for an earlier location where this can occur
     1>c:\developments\binosro\binosro_emulador_eamod\src\map\script.c(6283): warning C6011: Dereferencing NULL pointer '((st))->stack->stack_data'. See line 6269 for an earlier location where this can occur
     1>c:\developments\binosro\binosro_emulador_eamod\src\map\script.c(6372): warning C6011: Dereferencing NULL pointer '((st))->stack->stack_data'. See line 6352 for an earlier location where this can occur
     1>c:\developments\binosro\binosro_emulador_eamod\src\map\script.c(6437): warning C6011: Dereferencing NULL pointer '((st))->stack->stack_data'. See line 6425 for an earlier location where this can occur
     1>c:\developments\binosro\binosro_emulador_eamod\src\map\script.c(6677): warning C6011: Dereferencing NULL pointer '((st))->stack->stack_data'. See line 6652 for an earlier location where this can occur
     1>c:\developments\binosro\binosro_emulador_eamod\src\map\script.c(6746): warning C6011: Dereferencing NULL pointer '((st))->stack->stack_data'. See line 6721 for an earlier location where this can occur
     1>c:\developments\binosro\binosro_emulador_eamod\src\map\script.c(8982): warning C6011: Dereferencing NULL pointer 'md'. 
     1>c:\developments\binosro\binosro_emulador_eamod\src\map\script.c(11652): warning C6011: Dereferencing NULL pointer '((st))->stack->stack_data'. See line 11633 for an earlier location where this can occur
     1>c:\developments\binosro\binosro_emulador_eamod\src\map\script.c(12560): warning C6262: Function uses '219868' bytes of stack:  exceeds /analyze:stacksize '16384'.  Consider moving some data to heap.
     1>c:\developments\binosro\binosro_emulador_eamod\src\map\script.c(12598): warning C6262: Function uses '219868' bytes of stack:  exceeds /analyze:stacksize '16384'.  Consider moving some data to heap.
     1>c:\developments\binosro\binosro_emulador_eamod\src\map\script.c(12937): warning C6031: Return value ignored: 'strtok'.
     1>c:\developments\binosro\binosro_emulador_eamod\src\map\script.c(13978): warning C6011: Dereferencing NULL pointer '((st))->stack->stack_data'. See line 13900 for an earlier location where this can occur
     1>c:\developments\binosro\binosro_emulador_eamod\src\map\script.c(14268): warning C28182: Dereferencing NULL pointer. 'haystack' contains the same NULL value as '*h' did. See line 14266 for an earlier location where this can occur
     1>c:\developments\binosro\binosro_emulador_eamod\src\map\script.c(14633): warning C6011: Dereferencing NULL pointer '((st))->stack->stack_data'. See line 14605 for an earlier location where this can occur
     1>c:\developments\binosro\binosro_emulador_eamod\src\map\script.c(15220): warning C28182: Dereferencing NULL pointer. 'items[i]' contains the same NULL value as 'items[0]=itemdb_exists(atoi(itemname))' did. 
     1>c:\developments\binosro\binosro_emulador_eamod\src\map\script.c(15480): warning C6011: Dereferencing NULL pointer '((st))->stack->stack_data'. See line 15456 for an earlier location where this can occur
     1>c:\developments\binosro\binosro_emulador_eamod\src\map\script.c(15758): warning C6011: Dereferencing NULL pointer '((st))->stack->stack_data'. See line 15738 for an earlier location where this can occur
     1>c:\developments\binosro\binosro_emulador_eamod\src\map\script.c(18517): warning C6262: Function uses '219868' bytes of stack:  exceeds /analyze:stacksize '16384'.  Consider moving some data to heap.
     1>c:\developments\binosro\binosro_emulador_eamod\src\map\script.c(18711): warning C6053: The prior call to '_snprintf' might not zero-terminate string 'output'.
     1>c:\developments\binosro\binosro_emulador_eamod\src\map\script.c(18730): warning C6053: The prior call to '_snprintf' might not zero-terminate string 'output'.
     1>c:\developments\binosro\binosro_emulador_eamod\src\map\script.c(18748): warning C6053: The prior call to '_snprintf' might not zero-terminate string 'output'.
     1>c:\developments\binosro\binosro_emulador_eamod\src\map\script.c(18766): warning C6053: The prior call to '_snprintf' might not zero-terminate string 'output'.
     1>c:\developments\binosro\binosro_emulador_eamod\src\map\skill.c(10563): warning C6011: Dereferencing NULL pointer 'group->unit'. 
     1>c:\developments\binosro\binosro_emulador_eamod\src\map\status.c(1247): warning C6011: Dereferencing NULL pointer 'tsc'. 
     1>c:\developments\binosro\binosro_emulador_eamod\src\map\status.c(1792): warning C6386: Buffer overrun while writing to 'sd->param_bonus':  the writable size is '24' bytes, but '1110' bytes might be written.
     1>c:\developments\binosro\binosro_emulador_eamod\src\map\unit.c(605): warning C6011: Dereferencing NULL pointer 'bl'. 
     1>Done Building Project "C:\Developments\BinosRO\BinosRO_Emulador_eAmod\vcproj-12\map-server_sql.vcxproj" (Rebuild target(s)).

Build succeeded.

Time Elapsed 00:04:20.90
