c:\developments\binosro\binosro_emulador_eamod\vcproj-12\char-server_sql\debug\int_guild.nativecodeanalysis.xml
c:\developments\binosro\binosro_emulador_eamod\vcproj-12\char-server_sql\debug\int_guild.obj
c:\developments\binosro\binosro_emulador_eamod\vcproj-12\char-server_sql\debug\int_mercenary.nativecodeanalysis.xml
c:\developments\binosro\binosro_emulador_eamod\vcproj-12\char-server_sql\debug\int_mercenary.obj
c:\developments\binosro\binosro_emulador_eamod\vcproj-12\char-server_sql\debug\int_quest.nativecodeanalysis.xml
c:\developments\binosro\binosro_emulador_eamod\vcproj-12\char-server_sql\debug\int_quest.obj
c:\developments\binosro\binosro_emulador_eamod\vcproj-12\char-server_sql\debug\int_auction.nativecodeanalysis.xml
c:\developments\binosro\binosro_emulador_eamod\vcproj-12\char-server_sql\debug\int_auction.obj
c:\developments\binosro\binosro_emulador_eamod\vcproj-12\char-server_sql\debug\int_mail.nativecodeanalysis.xml
c:\developments\binosro\binosro_emulador_eamod\vcproj-12\char-server_sql\debug\int_mail.obj
c:\developments\binosro\binosro_emulador_eamod\vcproj-12\char-server_sql\debug\int_pet.nativecodeanalysis.xml
c:\developments\binosro\binosro_emulador_eamod\vcproj-12\char-server_sql\debug\int_pet.obj
c:\developments\binosro\binosro_emulador_eamod\vcproj-12\char-server_sql\debug\int_achievement.nativecodeanalysis.xml
c:\developments\binosro\binosro_emulador_eamod\vcproj-12\char-server_sql\debug\int_achievement.obj
c:\developments\binosro\binosro_emulador_eamod\vcproj-12\char-server_sql\debug\int_homun.nativecodeanalysis.xml
c:\developments\binosro\binosro_emulador_eamod\vcproj-12\char-server_sql\debug\int_homun.obj
c:\developments\binosro\binosro_emulador_eamod\vcproj-12\char-server_sql\debug\int_party.nativecodeanalysis.xml
c:\developments\binosro\binosro_emulador_eamod\vcproj-12\char-server_sql\debug\int_party.obj
c:\developments\binosro\binosro_emulador_eamod\vcproj-12\char-server_sql\debug\char.nativecodeanalysis.xml
c:\developments\binosro\binosro_emulador_eamod\vcproj-12\char-server_sql\debug\char.obj
c:\developments\binosro\binosro_emulador_eamod\vcproj-12\char-server_sql\debug\int_storage.nativecodeanalysis.xml
c:\developments\binosro\binosro_emulador_eamod\vcproj-12\char-server_sql\debug\int_storage.obj
c:\developments\binosro\binosro_emulador_eamod\vcproj-12\char-server_sql\debug\inter.nativecodeanalysis.xml
c:\developments\binosro\binosro_emulador_eamod\vcproj-12\char-server_sql\debug\inter.obj
c:\developments\binosro\binosro_emulador_eamod\vcproj-12\char-server_sql\debug\vc120.pdb
c:\developments\binosro\binosro_emulador_eamod\char-server_sql.ilk
c:\developments\binosro\binosro_emulador_eamod\char-server_sql.exe
c:\developments\binosro\binosro_emulador_eamod\char-server_sql.pdb
c:\developments\binosro\binosro_emulador_eamod\vcproj-12\char-server_sql\debug\nativecodeanalysis.read.1.tlog
c:\developments\binosro\binosro_emulador_eamod\vcproj-12\char-server_sql\debug\vc120.idb
c:\developments\binosro\binosro_emulador_eamod\vcproj-12\char-server_sql\debug\vc.nativecodeanalysis.all.xml
c:\developments\binosro\binosro_emulador_eamod\vcproj-12\..\char-server_sql.exe
c:\developments\binosro\binosro_emulador_eamod\vcproj-12\char-server_sql\debug\char-server_sql.tlog\cl.command.1.tlog
c:\developments\binosro\binosro_emulador_eamod\vcproj-12\char-server_sql\debug\char-server_sql.tlog\cl.read.1.tlog
c:\developments\binosro\binosro_emulador_eamod\vcproj-12\char-server_sql\debug\char-server_sql.tlog\cl.write.1.tlog
c:\developments\binosro\binosro_emulador_eamod\vcproj-12\char-server_sql\debug\char-server_sql.tlog\link.command.1.tlog
c:\developments\binosro\binosro_emulador_eamod\vcproj-12\char-server_sql\debug\char-server_sql.tlog\link.read.1.tlog
c:\developments\binosro\binosro_emulador_eamod\vcproj-12\char-server_sql\debug\char-server_sql.tlog\link.write.1.tlog
