Build started 05/08/2018 13:12:43.
     1>Project "C:\Developments\BinosRO\emulador\vcproj-12\char-server_sql.vcxproj" on node 3 (Build target(s)).
     1>Link:
         C:\Program Files (x86)\Microsoft Visual Studio 12.0\VC\bin\link.exe /ERRORREPORT:PROMPT /OUT:"..\char-server_sql.exe" /INCREMENTAL /NOLOGO libcmtd.lib oldnames.lib kernel32.lib user32.lib gdi32.lib winspool.lib comdlg32.lib advapi32.lib shell32.lib ole32.lib oleaut32.lib uuid.lib odbc32.lib odbccp32.lib /NODEFAULTLIB /MANIFEST /MANIFESTUAC:"level='asInvoker' uiAccess='false'" /manifest:embed /DEBUG /PDB:"..\char-server_sql.pdb" /SUBSYSTEM:CONSOLE /TLBID:1 /DYNAMICBASE:NO /NXCOMPAT /IMPLIB:"..\char-server_sql.lib" /MACHINE:X86 /SAFESEH "char-server_sql\Debug\char.obj"
         "char-server_sql\Debug\int_achievement.obj"
         "char-server_sql\Debug\int_auction.obj"
         "char-server_sql\Debug\int_guild.obj"
         "char-server_sql\Debug\int_homun.obj"
         "char-server_sql\Debug\int_mail.obj"
         "char-server_sql\Debug\int_mercenary.obj"
         "char-server_sql\Debug\int_party.obj"
         "char-server_sql\Debug\int_pet.obj"
         "char-server_sql\Debug\int_quest.obj"
         "char-server_sql\Debug\int_storage.obj"
         "char-server_sql\Debug\inter.obj"
         "C:\Developments\BinosRO\emulador\vcproj-12\common\Debug\common.lib"
         "C:\Developments\BinosRO\emulador\vcproj-12\common_sql\Debug\common_sql.lib"
     1>char.obj : warning LNK4075: ignoring '/EDITANDCONTINUE' due to '/SAFESEH' specification
         char-server_sql.vcxproj -> C:\Developments\BinosRO\emulador\vcproj-12\..\char-server_sql.exe
     1>Done Building Project "C:\Developments\BinosRO\emulador\vcproj-12\char-server_sql.vcxproj" (Build target(s)).

Build succeeded.

Time Elapsed 00:00:15.73
